<?xml version="1.0" encoding="UTF-8"?>
<!-- Generated by org.testng.reporters.JUnitReportReporter -->
<testsuite hostname="DESKTOP-7BM7RLH" failures="0" tests="1" name="testPackage.TEstClass" time="0.017" errors="0" timestamp="2023-09-04T13:08:44 PKT" skipped="0">
  <testcase classname="testPackage.TEstClass" name="testt" time="0.017"/>
</testsuite> <!-- testPackage.TEstClass -->
