<?xml version="1.0" encoding="UTF-8"?>
<!-- Generated by org.testng.reporters.JUnitReportReporter -->
<testsuite hostname="DESKTOP-7BM7RLH" failures="0" tests="2" name="Vehicle.Automation.HomePageTests2$TestAnnotationDataProvider" time="0.010" errors="0" timestamp="2023-08-13T15:47:47 PKT" skipped="0">
  <testcase classname="Vehicle.Automation.HomePageTests2$TestAnnotationDataProvider" name="testMethod" time="0.009"/>
  <testcase classname="Vehicle.Automation.HomePageTests2$TestAnnotationDataProvider" name="testMethod" time="0.001"/>
</testsuite> <!-- Vehicle.Automation.HomePageTests2$TestAnnotationDataProvider -->
