<?xml version="1.0" encoding="UTF-8"?>
<!-- Generated by org.testng.reporters.JUnitReportReporter -->
<testsuite hostname="DESKTOP-7BM7RLH" failures="0" tests="9" name="Vehicle.Automation.HomePageTests3$TestAnnotationDataProvider" time="0.022" errors="0" timestamp="2023-08-17T12:30:36 PKT" skipped="0">
  <testcase classname="Vehicle.Automation.HomePageTests3$TestAnnotationDataProvider" name="testMethod" time="0.002"/>
  <testcase classname="Vehicle.Automation.HomePageTests3$TestAnnotationDataProvider" name="testMethod" time="0.002"/>
  <testcase classname="Vehicle.Automation.HomePageTests3$TestAnnotationDataProvider" name="testMethod" time="0.003"/>
  <testcase classname="Vehicle.Automation.HomePageTests3$TestAnnotationDataProvider" name="testMethod" time="0.001"/>
  <testcase classname="Vehicle.Automation.HomePageTests3$TestAnnotationDataProvider" name="testMethod" time="0.006"/>
  <testcase classname="Vehicle.Automation.HomePageTests3$TestAnnotationDataProvider" name="testMethod" time="0.001"/>
  <testcase classname="Vehicle.Automation.HomePageTests3$TestAnnotationDataProvider" name="testMethod" time="0.004"/>
  <testcase classname="Vehicle.Automation.HomePageTests3$TestAnnotationDataProvider" name="testMethod" time="0.001"/>
  <testcase classname="Vehicle.Automation.HomePageTests3$TestAnnotationDataProvider" name="testMethod" time="0.002"/>
</testsuite> <!-- Vehicle.Automation.HomePageTests3$TestAnnotationDataProvider -->
