<?xml version="1.0" encoding="UTF-8"?>
<!-- Generated by org.testng.reporters.JUnitReportReporter -->
<testsuite hostname="DESKTOP-7BM7RLH" failures="0" tests="1" name="Vehicle.Automation.HomePageTests2" time="0.019" errors="0" timestamp="2023-08-26T13:18:25 PKT" skipped="0">
  <testcase classname="Vehicle.Automation.HomePageTests2" name="log4js" time="0.019"/>
</testsuite> <!-- Vehicle.Automation.HomePageTests2 -->
